<?xml version="1.0" encoding="UTF-8"?>
<!-- Generated by org.testng.reporters.JUnitReportReporter -->
<testsuite hostname="LAPTOP-INQHA09L" failures="0" tests="1" name="com.tests.BuilderPatternDemoTest" time="3.674" errors="0" timestamp="2022-04-06T13:39:33 IST" skipped="0">
  <testcase classname="com.tests.BuilderPatternDemoTest" name="postJsonUsingBuilderTest" time="3.674"/>
  <system-out/>
</testsuite> <!-- com.tests.BuilderPatternDemoTest -->
