<?xml version="1.0" encoding="UTF-8"?>
<!-- Generated by org.testng.reporters.JUnitReportReporter -->
<testsuite hostname="LAPTOP-INQHA09L" failures="0" tests="1" name="com.tests.BuilderPatternDemoTest2" time="3.887" errors="0" timestamp="2022-04-06T14:01:11 IST" skipped="0">
  <testcase classname="com.tests.BuilderPatternDemoTest2" name="postJsonUsingBuilderTest" time="3.887"/>
  <system-out/>
</testsuite> <!-- com.tests.BuilderPatternDemoTest2 -->
